<?xml version="1.0" encoding="UTF-8"?>
<!-- Generated by org.testng.reporters.JUnitReportReporter -->
<testsuite hostname="MacBook-Pro" failures="0" tests="1" name="runners.SearchItemRunnerTest" time="11.337" errors="0" timestamp="2022-12-27T12:04:13 EST" skipped="0">
  <testcase classname="runners.SearchItemRunnerTest" name="runScenario" time="11.337"/>
  <system-out/>
</testsuite> <!-- runners.SearchItemRunnerTest -->
